<?xml version="1.0" encoding="UTF-8"?>
<!-- Generated by org.testng.reporters.JUnitReportReporter -->
<testsuite skipped="0" hostname="DESKTOP-OMH2J3V" name="runner.testRunner" tests="2" failures="0" timestamp="2021-10-04T16:20:23 IST" time="26.171" errors="0">
  <testcase name="runScenario" time="11.627" classname="runner.testRunner"/>
  <system-out/>
  <testcase name="runScenario" time="14.544" classname="runner.testRunner"/>
  <system-out/>
</testsuite> <!-- runner.testRunner -->
